<?xml version="1.0" encoding="utf-8" standalone="no"?>
<!--This file represents the results of running a test suite-->
<test-results name="C:\OC\Project\SPM Phase IV (POEMSAdmin)\Source\CQ.SPM.BusinessLogic.Test\bin\Debug\CQ.SPM.BusinessLogic.Test.dll" total="1" errors="1" failures="0" not-run="0" inconclusive="0" ignored="0" skipped="0" invalid="0" date="2014-01-05" time="20:34:22">
  <environment nunit-version="2.6.3.13283" clr-version="2.0.50727.5448" os-version="Microsoft Windows NT 6.1.7601 Service Pack 1" platform="Win32NT" cwd="C:\OC\Project\SPM Phase IV (POEMSAdmin)\NUnit-2.6.3\bin" machine-name="OCWINDOWS7" user="OC" user-domain="OCWindows7" />
  <culture-info current-culture="en-TT" current-uiculture="en-US" />
  <test-suite type="Assembly" name="C:\OC\Project\SPM Phase IV (POEMSAdmin)\Source\CQ.SPM.BusinessLogic.Test\bin\Debug\CQ.SPM.BusinessLogic.Test.dll" executed="True" result="Failure" success="False" time="0.141" asserts="0">
    <results>
      <test-suite type="Namespace" name="CQ" executed="True" result="Failure" success="False" time="0.135" asserts="0">
        <results>
          <test-suite type="Namespace" name="SPM" executed="True" result="Failure" success="False" time="0.135" asserts="0">
            <results>
              <test-suite type="Namespace" name="BusinessLogic" executed="True" result="Failure" success="False" time="0.135" asserts="0">
                <results>
                  <test-suite type="Namespace" name="Test" executed="True" result="Failure" success="False" time="0.135" asserts="0">
                    <results>
                      <test-suite type="TestFixture" name="TestClass" executed="True" result="Failure" success="False" time="0.134" asserts="0">
                        <results>
                          <test-suite type="ParameterizedTest" name="DealerDetail_Combine" executed="True" result="Failure" success="False" time="0.132" asserts="0">
                            <results>
                              <test-case name="CQ.SPM.BusinessLogic.Test.TestClass.DealerDetail_Combine()" executed="True" result="Error" success="False" time="0.129" asserts="0">
                                <failure>
                                  <message><![CDATA[System.NullReferenceException : Object reference not set to an instance of an object.]]></message>
                                  <stack-trace><![CDATA[at CQ.SPM.DataAccess.DbConn..ctor() in c:\OC\Project\SPM Phase IV (POEMSAdmin)\Source\CQ.SPM.DataAccess\DbConn.cs:line 19
at CQ.SPM.BusinessLogic.Implementation.DealerDetailBusinessCtrl..ctor() in c:\OC\Project\SPM Phase IV (POEMSAdmin)\Source\CQ.SPM.BusinessLogic\Implementation\DealerDetailBusinessCtrl.cs:line 29
at CQ.SPM.BusinessLogic.Test.TestClass.DealerDetail_Combine() in c:\OC\Project\SPM Phase IV (POEMSAdmin)\Source\CQ.SPM.BusinessLogic.Test\TestClass.cs:line 22
]]></stack-trace>
                                </failure>
                              </test-case>
                            </results>
                          </test-suite>
                        </results>
                      </test-suite>
                    </results>
                  </test-suite>
                </results>
              </test-suite>
            </results>
          </test-suite>
        </results>
      </test-suite>
    </results>
  </test-suite>
</test-results>